===============================================================================
           SICREDI - Sistema Integrado de Credito Cooperativo.                 
                                 Sistema TRMMAIN                                
-------------------------------------------------------------------------------
Ocorrencia do Erro 
Modulo ...: APPCONNECT
Data/Hora : 05/03/2018  -  15:28:16
-------------------------------------------------------------------------------
Descricao do Erro : Tipo ..............:                                                  
                    Descricao .........: 
                    Operacao executada : SRV: invalid working directory
                    Rotinas Anteriores : APPCONNECT() => 0
                                         TRMLOGIN() => 100
                                         TRMMAIN() => 513
===============================================================================
Ocorrencia do Erro 
Modulo ...: APPCONNECT
Data/Hora : 05/03/2018  -  15:28:53
-------------------------------------------------------------------------------
Descricao do Erro : Tipo ..............:                                                  
                    Descricao .........: 
                    Operacao executada : SRV: invalid working directory
                    Rotinas Anteriores : APPCONNECT() => 0
                                         TRMLOGIN() => 100
                                         TRMMAIN() => 513
===============================================================================
Ocorrencia do Erro 
Modulo ...: APPCONNECT
Data/Hora : 05/03/2018  -  15:29:55
-------------------------------------------------------------------------------
Descricao do Erro : Tipo ..............:                                                  
                    Descricao .........: 
                    Operacao executada : SRV: invalid working directory
                    Rotinas Anteriores : APPCONNECT() => 0
                                         TRMLOGIN() => 100
                                         TRMMAIN() => 513
===============================================================================
Ocorrencia do Erro 
Modulo ...: APPCONNECT
Data/Hora : 05/03/2018  -  15:30:02
-------------------------------------------------------------------------------
Descricao do Erro : Tipo ..............:                                                  
                    Descricao .........: 
                    Operacao executada : SRV: invalid working directory
                    Rotinas Anteriores : APPCONNECT() => 0
                                         TRMLOGIN() => 100
                                         TRMMAIN() => 513
===============================================================================
Ocorrencia do Erro 
Modulo ...: APPCONNECT
Data/Hora : 05/03/2018  -  15:30:09
-------------------------------------------------------------------------------
Descricao do Erro : Tipo ..............:                                                  
                    Descricao .........: 
                    Operacao executada : SRV: invalid working directory
                    Rotinas Anteriores : APPCONNECT() => 0
                                         TRMLOGIN() => 100
                                         TRMMAIN() => 513
===============================================================================
